0xF88FD83A|C:\Users\Shade\Desktop\halocep\source\asset\textures\tmp\BASE.EXE_0xF88FD83A.tga
0xF88FD83A|C:\Users\Shade\Desktop\halocep\source\asset\textures\tmp\BASE.EXE_0xF88FD83A.tga
0x9EBE4A87|C:\Users\Shade\Desktop\halocep\source\asset\textures\tmp\BASE.EXE_0x9EBE4A87.tga
0x1831275A|C:\Users\Shade\Desktop\halocep\source\asset\textures\tmp\BASE.EXE_0x1831275A.tga
0x1831275A|C:\Users\Shade\Desktop\halocep\source\asset\textures\tmp\BASE.EXE_0x1831275A.tga
0x8FE81B57|C:\Users\Shade\Desktop\halocep\source\asset\textures\tmp\BASE.EXE_0x8FE81B57.tga
0x8FE81B57|C:\Users\Shade\Desktop\halocep\source\asset\textures\tmp\BASE.EXE_0x8FE81B57.tga
0x8FE81B57|C:\Users\Shade\Desktop\halocep\source\asset\textures\tmp\BASE.EXE_0x8FE81B57.tga
0xA8DC87BA|C:\Users\Shade\Desktop\halocep\source\asset\textures\tmp\BASE.EXE_0xA8DC87BA.tga
0xA0538C37|C:\Users\Shade\Desktop\halocep\source\asset\textures\tmp\BASE.EXE_0xA0538C37.tga
0xA0538C37|C:\Users\Shade\Desktop\halocep\source\asset\textures\tmp\BASE.EXE_0xA0538C37.tga
0xA0538C37|C:\Users\Shade\Desktop\halocep\source\asset\textures\tmp\BASE.EXE_0xA0538C37.tga
0x1831275A|C:\Users\Shade\Desktop\halocep\source\asset\textures\tmp\BASE.EXE_0x1831275A.tga
0x8FE81B57|C:\Users\Shade\Desktop\halocep\source\asset\textures\tmp\BASE.EXE_0x8FE81B57.tga
0x3718D9AB|C:\Users\Shade\Desktop\overshield\source\asset\textures\tmp\BASE.EXE_0x3718D9AB.tga
0xE57515E9|C:\Users\Shade\Desktop\overshield\source\asset\textures\tmp\BASE.EXE_0xE57515E9.tga
0xF76CA938|C:\Users\Shade\Desktop\overshield\source\asset\textures\tmp\BASE.EXE_0xF76CA938.tga
0xCAC6C882|C:\Users\Shade\Desktop\overshield\source\asset\textures\tmp\BASE.EXE_0xCAC6C882.tga
0xCAC6C882|C:\Users\Shade\Desktop\overshield\source\asset\textures\tmp\BASE.EXE_0xCAC6C882.tga
0x888B47CE|C:\Users\Shade\Desktop\overshield\source\asset\textures\tmp\BASE.EXE_0x888B47CE.tga
0xF76CA938|C:\Users\Shade\Desktop\overshield\source\asset\textures\tmp\BASE.EXE_0xF76CA938.tga
0xCAC6C882|C:\Users\Shade\Desktop\overshield\source\asset\textures\tmp\BASE.EXE_0xCAC6C882.tga
0x888B47CE|C:\Users\Shade\Desktop\overshield\source\asset\textures\tmp\BASE.EXE_0x888B47CE.tga
0xCAC6C882|C:\Users\Shade\Desktop\overshield\source\asset\textures\tmp\BASE.EXE_0xCAC6C882.tga
0xA1A554A5|C:\Users\Shade\Desktop\overshield\source\asset\textures\tmp\BASE.EXE_0xA1A554A5.tga
0xC09AE465|C:\Users\Shade\Desktop\overshield\source\asset\textures\tmp\BASE.EXE_0xC09AE465.tga
