0x01C9840D|C:\Users\Shade\Desktop\overshield\source\asset\textures\textures\BASE.EXE_0x01C9840D.dds
0x3AFBEAF3|C:\Users\Shade\Desktop\overshield\source\asset\textures\textures\BASE.EXE_0x3AFBEAF3.dds
0x08AE488A|C:\Users\Shade\Desktop\overshield\source\asset\textures\textures\BASE.EXE_0x08AE488A.dds
0x89507A39|C:\Users\Shade\Desktop\overshield\source\asset\textures\textures\BASE.EXE_0x89507A39.dds
0x36823122|C:\Users\Shade\Desktop\overshield\source\asset\textures\textures\BASE.EXE_0x36823122.dds
0xE668C85A|C:\Users\Shade\Desktop\overshield\source\asset\textures\textures\BASE.EXE_0xE668C85A.dds
0x1A2F3BEF|C:\Users\Shade\Desktop\overshield\source\asset\textures\textures\BASE.EXE_0x1A2F3BEF.dds
0x796E0ED6|C:\Users\Shade\Desktop\overshield\source\asset\textures\textures\BASE.EXE_0x796E0ED6.dds
0x5D911883|C:\Users\Shade\Desktop\overshield\source\asset\textures\textures\BASE.EXE_0x5D911883.dds
0x0BF3AB37|C:\Users\Shade\Desktop\overshield\source\asset\textures\textures\BASE.EXE_0x0BF3AB37.dds
0xE3D75D86|C:\Users\Shade\Desktop\overshield\source\asset\textures\textures\BASE.EXE_0xE3D75D86.dds
0xFE3AFC51|C:\Users\Shade\Desktop\overshield\source\asset\textures\textures\BASE.EXE_0xFE3AFC51.dds
0xCB63C5CA|C:\Users\Shade\Desktop\overshield\source\asset\textures\textures\BASE.EXE_0xCB63C5CA.dds
0x684F5058|C:\Users\Shade\Desktop\overshield\source\asset\textures\textures\BASE.EXE_0x684F5058.dds
0x0BCF83E7|C:\Users\Shade\Desktop\overshield\source\asset\textures\textures\BASE.EXE_0x0BCF83E7.dds
0x69C18963|C:\Users\Shade\Desktop\overshield\source\asset\textures\textures\BASE.EXE_0x69C18963.dds
0x5895A698|C:\Users\Shade\Desktop\overshield\source\asset\textures\textures\BASE.EXE_0x5895A698.dds
0x84A74EF9|C:\Users\Shade\Desktop\overshield\source\asset\textures\textures\BASE.EXE_0x84A74EF9.dds
0x3D6AE61E|C:\Users\Shade\Desktop\overshield\source\asset\textures\textures\BASE.EXE_0x3D6AE61E.dds
0xEB7A3D21|C:\Users\Shade\Desktop\overshield\source\asset\textures\textures\BASE.EXE_0xEB7A3D21.dds
0x6F4478BA|C:\Users\Shade\Desktop\overshield\source\asset\textures\textures\BASE.EXE_0x6F4478BA.dds
0x7D796B06|C:\Users\Shade\Desktop\overshield\source\asset\textures\textures\BASE.EXE_0x7D796B06.dds
0x5561D2C8|C:\Users\Shade\Desktop\overshield\source\asset\textures\textures\BASE.EXE_0x5561D2C8.dds
0x904406A6|C:\Users\Shade\Desktop\overshield\source\asset\textures\textures\BASE.EXE_0x904406A6.dds
0xF88FD83A|C:\Users\Shade\Desktop\overshield\source\asset\textures\textures\BASE.EXE_0xF88FD83A.dds
0x2FDDEE60|C:\Users\Shade\Desktop\overshield\source\asset\textures\textures\BASE.EXE_0x2FDDEE60.dds
0x106FA56E|C:\Users\Shade\Desktop\overshield\source\asset\textures\textures\BASE.EXE_0x106FA56E.dds
0xB439BF9E|C:\Users\Shade\Desktop\overshield\source\asset\textures\textures\BASE.EXE_0xB439BF9E.dds
